<?xml version="1.0"?>
<testsuite name="HeadlessChrome 0.0.0 (Windows 10 0.0.0)" package="" timestamp="2018-09-06T04:52:18" id="0" hostname="DESKTOP-535QCKC" tests="1" errors="0" failures="0" time="0.082">
  <properties>
    <property name="browser.fullName" value="Mozilla/5.0 (Windows NT 10.0; Win64; x64) AppleWebKit/537.36 (KHTML, like Gecko) HeadlessChrome/68.0.3440.106 Safari/537.36"/>
  </properties>
  <testcase name="AppComponent should create the app" time="0.082" classname="HeadlessChrome_0_0_0_(Windows_10_0_0_0).AppComponent"/>
  <system-out>
    <![CDATA[
]]>
  </system-out>
  <system-err/>
</testsuite>